[debug] [2021-11-08T12:52:38.511Z] ----------------------------------------------------------------------
[debug] [2021-11-08T12:52:38.513Z] Command:       C:\Program Files\nodejs\node.exe C:\Program Files\nodejs\node_modules\firebase-tools\lib\bin\firebase.js init
[debug] [2021-11-08T12:52:38.513Z] CLI Version:   9.21.0
[debug] [2021-11-08T12:52:38.513Z] Platform:      win32
[debug] [2021-11-08T12:52:38.513Z] Node Version:  v14.17.5
[debug] [2021-11-08T12:52:38.514Z] Time:          Mon Nov 08 2021 21:52:38 GMT+0900 (日本標準時)
[debug] [2021-11-08T12:52:38.514Z] ----------------------------------------------------------------------
[debug] 
[debug] [2021-11-08T12:52:38.522Z] >>> [apiv2][query] GET https://firebase-public.firebaseio.com/cli.json [none]
[debug] [2021-11-08T12:52:38.550Z] > command requires scopes: ["email","openid","https://www.googleapis.com/auth/cloudplatformprojects.readonly","https://www.googleapis.com/auth/firebase","https://www.googleapis.com/auth/cloud-platform"]
[debug] [2021-11-08T12:52:38.550Z] > authorizing via signed-in user (hiro.nakatsuka5596@gmail.com)
[info] 
     ######## #### ########  ######## ########     ###     ######  ########
     ##        ##  ##     ## ##       ##     ##  ##   ##  ##       ##
     ######    ##  ########  ######   ########  #########  ######  ######
     ##        ##  ##    ##  ##       ##     ## ##     ##       ## ##
     ##       #### ##     ## ######## ########  ##     ##  ######  ########

You're about to initialize a Firebase project in this directory:

  C:\Users\owner\Desktop\株式会社ゆめみ様用コーディングテスト\coding-test

[debug] [2021-11-08T12:52:39.057Z] <<< [apiv2][status] GET https://firebase-public.firebaseio.com/cli.json 200
[debug] [2021-11-08T12:52:39.058Z] <<< [apiv2][body] GET https://firebase-public.firebaseio.com/cli.json {"cloudBuildErrorAfter":1594252800000,"cloudBuildWarnAfter":1590019200000,"defaultNode10After":1594252800000,"minVersion":"3.0.5","node8DeploysDisabledAfter":1613390400000,"node8RuntimeDisabledAfter":1615809600000,"node8WarnAfter":1600128000000}
[info] 
=== Project Setup
[info] 
[info] First, let's associate this project directory with a Firebase project.
[info] You can create multiple project aliases by running firebase use --add, 
[info] but for now we'll just set up a default project.
[info] 
[debug] [2021-11-08T12:55:15.330Z] > refreshing access token with scopes: []
[debug] [2021-11-08T12:55:15.330Z] >>> HTTP REQUEST POST https://www.googleapis.com/oauth2/v3/token  
 <request body omitted>
[debug] [2021-11-08T12:55:15.477Z] <<< HTTP RESPONSE 200 {"pragma":"no-cache","date":"Mon, 08 Nov 2021 12:55:15 GMT","expires":"Mon, 01 Jan 1990 00:00:00 GMT","cache-control":"no-cache, no-store, max-age=0, must-revalidate","content-type":"application/json; charset=utf-8","vary":"X-Origin, Referer, Origin,Accept-Encoding","server":"scaffolding on HTTPServer2","x-xss-protection":"0","x-frame-options":"SAMEORIGIN","x-content-type-options":"nosniff","alt-svc":"h3=\":443\"; ma=2592000,h3-29=\":443\"; ma=2592000,h3-Q050=\":443\"; ma=2592000,h3-Q046=\":443\"; ma=2592000,h3-Q043=\":443\"; ma=2592000,quic=\":443\"; ma=2592000; v=\"46,43\"","accept-ranges":"none","transfer-encoding":"chunked"}
[debug] [2021-11-08T12:55:15.490Z] >>> [apiv2][query] GET https://firebase.googleapis.com/v1beta1/projects pageSize=100
[debug] [2021-11-08T12:55:16.444Z] <<< [apiv2][status] GET https://firebase.googleapis.com/v1beta1/projects 200
[debug] [2021-11-08T12:55:16.444Z] <<< [apiv2][body] GET https://firebase.googleapis.com/v1beta1/projects [omitted]
[info] i  Using project hosting-94c23 (Hosting) 
[info] 
=== Hosting Setup
[info] 
[info] Your public directory is the folder (relative to your project directory) that
[info] will contain Hosting assets to be uploaded with firebase deploy. If you
[info] have a build process for your assets, use your build's output directory.
[info] 
[debug] [2021-11-08T12:55:42.542Z] >>> [apiv2][query] GET https://www.gstatic.com/firebasejs/releases.json [none]
[debug] [2021-11-08T12:55:42.676Z] <<< [apiv2][status] GET https://www.gstatic.com/firebasejs/releases.json 200
[debug] [2021-11-08T12:55:42.676Z] <<< [apiv2][body] GET https://www.gstatic.com/firebasejs/releases.json {"current":{"version":"9.3.0","browserURL":"https://www.gstatic.com/firebasejs/9.3.0/firebase.js","packageURL":"https://www.gstatic.com/firebasejs/9.3.0/firebase.tgz"},"live":{"version":"9.3","browserURL":"https://www.gstatic.com/firebasejs/live/9.3/firebase.js","packageURL":"https://www.gstatic.com/firebasejs/live/9.3/firebase.tgz"},"components":{"analytics":"https://www.gstatic.com/firebasejs/9.3.0/firebase-analytics.js","app":"https://www.gstatic.com/firebasejs/9.3.0/firebase-app.js","app-check":"https://www.gstatic.com/firebasejs/9.3.0/firebase-app-check.js","auth":"https://www.gstatic.com/firebasejs/9.3.0/firebase-auth.js","auth/cordova":"https://www.gstatic.com/firebasejs/9.3.0/firebase-auth/cordova.js","auth/react-native":"https://www.gstatic.com/firebasejs/9.3.0/firebase-auth/react-native.js","functions":"https://www.gstatic.com/firebasejs/9.3.0/firebase-functions.js","firestore":"https://www.gstatic.com/firebasejs/9.3.0/firebase-firestore.js","firestore/lite":"https://www.gstatic.com/firebasejs/9.3.0/firebase-firestore/lite.js","storage":"https://www.gstatic.com/firebasejs/9.3.0/firebase-storage.js","performance":"https://www.gstatic.com/firebasejs/9.3.0/firebase-performance.js","remote-config":"https://www.gstatic.com/firebasejs/9.3.0/firebase-remote-config.js","messaging":"https://www.gstatic.com/firebasejs/9.3.0/firebase-messaging.js","messaging/sw":"https://www.gstatic.com/firebasejs/9.3.0/firebase-messaging/sw.js","database":"https://www.gstatic.com/firebasejs/9.3.0/firebase-database.js","firestore.memory":"https://www.gstatic.com/firebasejs/9.3.0/firebase-firestore.memory.js"}}
[info] +  Wrote public/index.html 
[info] 
[info] i  Detected a .git folder at C:\Users\owner\Desktop\株式会社ゆめみ様用コーディングテスト\coding-test 
[info] i  Authorizing with GitHub to upload your service account to a GitHub repository's secrets store. 
[info] 
[info] Visit this URL on this device to log in:
[info] https://github.com/login/oauth/authorize?client_id=89cf50f02ac6aaed3484&state=850733193&redirect_uri=http%3A%2F%2Flocalhost%3A9005&scope=read%3Auser%20repo%20public_repo
[info] 
[info] Waiting for authentication...
[debug] [2021-11-08T12:55:46.919Z] >>> HTTP REQUEST POST https://github.com/login/oauth/access_token  
 {"client_id":"89cf50f02ac6aaed3484","client_secret":"3330d14abc895d9a74d5f17cd7a00711fa2c5bf0","code":"f211830af4bafecb6bf3","redirect_uri":"http://localhost:9005","state":"850733193"}
[debug] [2021-11-08T12:55:47.227Z] <<< HTTP RESPONSE 200 {"server":"GitHub.com","date":"Mon, 08 Nov 2021 12:55:47 GMT","content-type":"application/json; charset=utf-8","transfer-encoding":"chunked","vary":"X-PJAX, X-PJAX-Container, Accept-Encoding, Accept, X-Requested-With","permissions-policy":"interest-cohort=()","etag":"W/\"59b87ba117fc88193a5410c9c18e2e6a\"","cache-control":"max-age=0, private, must-revalidate","strict-transport-security":"max-age=31536000; includeSubdomains; preload","x-frame-options":"deny","x-content-type-options":"nosniff","x-xss-protection":"0","referrer-policy":"origin-when-cross-origin, strict-origin-when-cross-origin","expect-ct":"max-age=2592000, report-uri=\"https://api.github.com/_private/browser/errors\"","content-security-policy":"default-src 'none'; base-uri 'self'; block-all-mixed-content; child-src github.com/assets-cdn/worker/ gist.github.com/assets-cdn/worker/; connect-src 'self' uploads.github.com objects-origin.githubusercontent.com www.githubstatus.com collector.githubapp.com api.github.com github-cloud.s3.amazonaws.com github-production-repository-file-5c1aeb.s3.amazonaws.com github-production-upload-manifest-file-7fdce7.s3.amazonaws.com github-production-user-asset-6210df.s3.amazonaws.com cdn.optimizely.com logx.optimizely.com/v1/events translator.github.com wss://alive.github.com; font-src github.githubassets.com; form-action 'self' github.com gist.github.com objects-origin.githubusercontent.com; frame-ancestors 'none'; frame-src render.githubusercontent.com viewscreen.githubusercontent.com notebooks.githubusercontent.com; img-src 'self' data: github.githubassets.com identicons.github.com collector.githubapp.com github-cloud.s3.amazonaws.com secured-user-images.githubusercontent.com/ *.githubusercontent.com; manifest-src 'self'; media-src github.com user-images.githubusercontent.com/; script-src github.githubassets.com; style-src 'unsafe-inline' github.githubassets.com; worker-src github.com/assets-cdn/worker/ gist.github.com/assets-cdn/worker/","x-github-request-id":"EBA6:251A:8E2EEC:B11108:61891E53"}
[debug] [2021-11-08T12:55:47.234Z] >>> [apiv2][query] GET https://api.github.com/user [none]
[debug] [2021-11-08T12:55:47.566Z] <<< [apiv2][status] GET https://api.github.com/user 200
[debug] [2021-11-08T12:55:47.566Z] <<< [apiv2][body] GET https://api.github.com/user {"login":"nakatsukahiro","id":93437473,"node_id":"U_kgDOBZG-IQ","avatar_url":"https://avatars.githubusercontent.com/u/93437473?v=4","gravatar_id":"","url":"https://api.github.com/users/nakatsukahiro","html_url":"https://github.com/nakatsukahiro","followers_url":"https://api.github.com/users/nakatsukahiro/followers","following_url":"https://api.github.com/users/nakatsukahiro/following{/other_user}","gists_url":"https://api.github.com/users/nakatsukahiro/gists{/gist_id}","starred_url":"https://api.github.com/users/nakatsukahiro/starred{/owner}{/repo}","subscriptions_url":"https://api.github.com/users/nakatsukahiro/subscriptions","organizations_url":"https://api.github.com/users/nakatsukahiro/orgs","repos_url":"https://api.github.com/users/nakatsukahiro/repos","events_url":"https://api.github.com/users/nakatsukahiro/events{/privacy}","received_events_url":"https://api.github.com/users/nakatsukahiro/received_events","type":"User","site_admin":false,"name":null,"company":null,"blog":"","location":null,"email":null,"hireable":null,"bio":null,"twitter_username":null,"public_repos":1,"public_gists":0,"followers":0,"following":0,"created_at":"2021-10-30T13:52:59Z","updated_at":"2021-10-30T13:52:59Z","private_gists":0,"total_private_repos":0,"owned_private_repos":0,"disk_usage":1,"collaborators":0,"two_factor_authentication":false,"plan":{"name":"free","space":976562499,"collaborators":0,"private_repos":10000}}
[info] 
[info] +  Success! Logged into GitHub as nakatsukahiro 
[info] 
[debug] [2021-11-08T12:55:54.368Z] >>> [apiv2][query] GET https://api.github.com/repos//actions/secrets/public-key type=owner
[debug] [2021-11-08T12:55:54.605Z] <<< [apiv2][status] GET https://api.github.com/repos//actions/secrets/public-key 404
[debug] [2021-11-08T12:55:54.606Z] <<< [apiv2][body] GET https://api.github.com/repos//actions/secrets/public-key {"message":"Not Found","documentation_url":"https://docs.github.com/rest"}
[debug] [2021-11-08T12:55:54.753Z] >>> [apiv2][query] GET https://api.github.com/repos//actions/secrets/public-key type=owner
[debug] [2021-11-08T12:55:54.992Z] <<< [apiv2][status] GET https://api.github.com/repos//actions/secrets/public-key 404
[debug] [2021-11-08T12:55:54.992Z] <<< [apiv2][body] GET https://api.github.com/repos//actions/secrets/public-key {"message":"Not Found","documentation_url":"https://docs.github.com/rest"}
[debug] [2021-11-08T12:56:22.547Z] >>> [apiv2][query] GET https://api.github.com/repos/repository/actions/secrets/public-key type=owner
[debug] [2021-11-08T12:56:22.801Z] <<< [apiv2][status] GET https://api.github.com/repos/repository/actions/secrets/public-key 404
[debug] [2021-11-08T12:56:22.801Z] <<< [apiv2][body] GET https://api.github.com/repos/repository/actions/secrets/public-key {"message":"Not Found","documentation_url":"https://docs.github.com/rest"}
[debug] [2021-11-08T12:56:25.714Z] >>> [apiv2][query] GET https://api.github.com/repos/Y/actions/secrets/public-key type=owner
[debug] [2021-11-08T12:56:25.958Z] <<< [apiv2][status] GET https://api.github.com/repos/Y/actions/secrets/public-key 404
[debug] [2021-11-08T12:56:25.959Z] <<< [apiv2][body] GET https://api.github.com/repos/Y/actions/secrets/public-key {"message":"Not Found","documentation_url":"https://docs.github.com/rest"}
[debug] [2021-11-08T12:56:27.922Z] >>> [apiv2][query] GET https://api.github.com/repos/user/actions/secrets/public-key type=owner
[debug] [2021-11-08T12:56:28.180Z] <<< [apiv2][status] GET https://api.github.com/repos/user/actions/secrets/public-key 404
[debug] [2021-11-08T12:56:28.180Z] <<< [apiv2][body] GET https://api.github.com/repos/user/actions/secrets/public-key {"message":"Not Found","documentation_url":"https://docs.github.com/rest"}
